build/outputs/logs/manifest-merger-debug-report.txt
-- Merging decision tree log ---
manifest
ADDED from AS_workplace\MusicPlayer_By_HQ\AndroidManifest.xml:2:1-34:12
	package
		ADDED from AS_workplace\MusicPlayer_By_HQ\AndroidManifest.xml:3:5-48
	android:versionName
		ADDED from AS_workplace\MusicPlayer_By_HQ\AndroidManifest.xml:5:5-30
		INJECTED from AS_workplace\MusicPlayer_By_HQ\AndroidManifest.xml
		INJECTED from AS_workplace\MusicPlayer_By_HQ\AndroidManifest.xml
	android:versionCode
		ADDED from AS_workplace\MusicPlayer_By_HQ\AndroidManifest.xml:4:5-28
		INJECTED from AS_workplace\MusicPlayer_By_HQ\AndroidManifest.xml
		INJECTED from AS_workplace\MusicPlayer_By_HQ\AndroidManifest.xml
	xmlns:android
		ADDED from AS_workplace\MusicPlayer_By_HQ\AndroidManifest.xml:2:11-69
uses-sdk
ADDED from AS_workplace\MusicPlayer_By_HQ\AndroidManifest.xml:7:5-9:41
	android:targetSdkVersion
		ADDED from AS_workplace\MusicPlayer_By_HQ\AndroidManifest.xml:9:9-38
	android:minSdkVersion
		ADDED from AS_workplace\MusicPlayer_By_HQ\AndroidManifest.xml:8:9-35
uses-permission#android.permission.READ_EXTERNAL_STORAGE
ADDED from AS_workplace\MusicPlayer_By_HQ\AndroidManifest.xml:11:5-12:23
	android:name
		ADDED from AS_workplace\MusicPlayer_By_HQ\AndroidManifest.xml:11:22-77
application
ADDED from AS_workplace\MusicPlayer_By_HQ\AndroidManifest.xml:14:5-32:19
	android:label
		ADDED from AS_workplace\MusicPlayer_By_HQ\AndroidManifest.xml:17:9-41
	android:allowBackup
		ADDED from AS_workplace\MusicPlayer_By_HQ\AndroidManifest.xml:15:9-35
	android:icon
		ADDED from AS_workplace\MusicPlayer_By_HQ\AndroidManifest.xml:16:9-38
	android:theme
		ADDED from AS_workplace\MusicPlayer_By_HQ\AndroidManifest.xml:18:9-40
activity#com.example.testsearchsdcardmusic.MainActivity
ADDED from AS_workplace\MusicPlayer_By_HQ\AndroidManifest.xml:19:9-27:20
	android:label
		ADDED from AS_workplace\MusicPlayer_By_HQ\AndroidManifest.xml:21:13-45
	android:name
		ADDED from AS_workplace\MusicPlayer_By_HQ\AndroidManifest.xml:20:13-41
intent-filter#android.intent.action.MAIN+android.intent.category.LAUNCHER
ADDED from AS_workplace\MusicPlayer_By_HQ\AndroidManifest.xml:22:13-26:29
action#android.intent.action.MAIN
ADDED from AS_workplace\MusicPlayer_By_HQ\AndroidManifest.xml:23:17-69
	android:name
		ADDED from AS_workplace\MusicPlayer_By_HQ\AndroidManifest.xml:23:25-66
category#android.intent.category.LAUNCHER
ADDED from AS_workplace\MusicPlayer_By_HQ\AndroidManifest.xml:25:17-77
	android:name
		ADDED from AS_workplace\MusicPlayer_By_HQ\AndroidManifest.xml:25:27-74
activity#com.example.testsearchsdcardmusic.ThemeSetting
ADDED from AS_workplace\MusicPlayer_By_HQ\AndroidManifest.xml:28:9-31:20
	android:theme
		ADDED from AS_workplace\MusicPlayer_By_HQ\AndroidManifest.xml:30:13-49
	android:name
		ADDED from AS_workplace\MusicPlayer_By_HQ\AndroidManifest.xml:29:13-74